<?xml version="1.0" encoding="UTF-8"?>
<robot generator="Robot 7.4.2 (Python 3.11.0 on win32)" generated="2026-06-12T19:32:55.474018" rpa="false" schemaversion="5">
<suite id="s1" name="Generated Workflows" source="D:\Washtab_New\ai-qa-framework\artifacts\generated_robot_tests\generated_workflows.robot">
<kw name="Open Generated Application Session" owner="generated_keywords" type="SETUP">
<kw name="Get Variable Value" owner="BuiltIn">
<msg time="2026-06-12T19:32:55.799828" level="INFO">${browser} = chrome</msg>
<var>${browser}</var>
<arg>${BROWSER}</arg>
<arg>chrome</arg>
<doc>Returns variable value or ``default`` if the variable does not exist.</doc>
<status status="PASS" start="2026-06-12T19:32:55.799828" elapsed="0.000000"/>
</kw>
<kw name="Get Variable Value" owner="BuiltIn">
<msg time="2026-06-12T19:32:55.800832" level="INFO">${start_url} = http://172.21.166.115/washtabui/home</msg>
<var>${start_url}</var>
<arg>${APP_BASE_URL}</arg>
<arg>${EMPTY}</arg>
<doc>Returns variable value or ``default`` if the variable does not exist.</doc>
<status status="PASS" start="2026-06-12T19:32:55.799828" elapsed="0.001004"/>
</kw>
<kw name="Open Browser" owner="SeleniumLibrary">
<msg time="2026-06-12T19:32:55.800832" level="INFO">Opening browser 'chrome' to base url 'http://172.21.166.115/washtabui/home'.</msg>
<arg>${start_url}</arg>
<arg>${browser}</arg>
<doc>Opens a new browser instance to the optional ``url``.</doc>
<status status="PASS" start="2026-06-12T19:32:55.800832" elapsed="7.135248"/>
</kw>
<kw name="Maximize Browser Window" owner="SeleniumLibrary">
<doc>Maximizes current browser window.</doc>
<status status="PASS" start="2026-06-12T19:33:02.936080" elapsed="0.030373"/>
</kw>
<kw name="Is Generated Login Required" owner="generated_keywords">
<kw name="Get Variable Value" owner="BuiltIn">
<msg time="2026-06-12T19:33:02.969448" level="INFO">${username_locator} = xpath=//input[@placeholder='User Name']</msg>
<var>${username_locator}</var>
<arg>${LOGIN_USERNAME_LOCATOR}</arg>
<arg>${EMPTY}</arg>
<doc>Returns variable value or ``default`` if the variable does not exist.</doc>
<status status="PASS" start="2026-06-12T19:33:02.968465" elapsed="0.000983"/>
</kw>
<if>
<branch type="IF" condition="not $username_locator">
<return>
<value>${False}</value>
<status status="NOT RUN" start="2026-06-12T19:33:02.973446" elapsed="0.000000"/>
</return>
<status status="NOT RUN" start="2026-06-12T19:33:02.970448" elapsed="0.003999"/>
</branch>
<status status="PASS" start="2026-06-12T19:33:02.969448" elapsed="0.004999"/>
</if>
<kw name="Run Keyword And Return Status" owner="BuiltIn">
<kw name="Wait Until Element Is Visible" owner="SeleniumLibrary">
<msg time="2026-06-12T19:33:06.327135" level="INFO" html="true">&lt;/td&gt;&lt;/tr&gt;&lt;tr&gt;&lt;td colspan="3"&gt;&lt;a href="selenium-screenshot-1.png"&gt;&lt;img src="selenium-screenshot-1.png" width="800px"&gt;&lt;/a&gt;</msg>
<msg time="2026-06-12T19:33:06.328142" level="FAIL">Element 'xpath=//input[@placeholder='User Name']' not visible after 3 seconds.</msg>
<arg>${username_locator}</arg>
<arg>timeout=3s</arg>
<doc>Waits until the element ``locator`` is visible.</doc>
<status status="FAIL" start="2026-06-12T19:33:02.974447" elapsed="3.357395">Element 'xpath=//input[@placeholder='User Name']' not visible after 3 seconds.</status>
</kw>
<msg time="2026-06-12T19:33:06.331842" level="INFO">${is_visible} = False</msg>
<var>${is_visible}</var>
<arg>Wait Until Element Is Visible</arg>
<arg>${username_locator}</arg>
<arg>timeout=3s</arg>
<doc>Runs the specified keyword and returns the status as a Boolean value.</doc>
<status status="PASS" start="2026-06-12T19:33:02.974447" elapsed="3.357395"/>
</kw>
<return>
<value>${is_visible}</value>
<status status="PASS" start="2026-06-12T19:33:06.331842" elapsed="0.000000"/>
</return>
<msg time="2026-06-12T19:33:06.331842" level="INFO">${login_needed} = False</msg>
<var>${login_needed}</var>
<status status="PASS" start="2026-06-12T19:33:02.967452" elapsed="3.364390"/>
</kw>
<if>
<branch type="IF" condition="$login_needed and $APP_USERNAME and $APP_PASSWORD">
<kw name="Get Variable Value" owner="BuiltIn">
<var>${login_url}</var>
<arg>${APP_LOGIN_URL}</arg>
<arg>${EMPTY}</arg>
<doc>Returns variable value or ``default`` if the variable does not exist.</doc>
<status status="NOT RUN" start="2026-06-12T19:33:06.332838" elapsed="0.000000"/>
</kw>
<if>
<branch type="IF" condition="$login_url">
<kw name="Go To" owner="SeleniumLibrary">
<arg>${login_url}</arg>
<doc>Navigates the current browser window to the provided ``url``.</doc>
<status status="NOT RUN" start="2026-06-12T19:33:06.332838" elapsed="0.000000"/>
</kw>
<status status="NOT RUN" start="2026-06-12T19:33:06.332838" elapsed="0.000000"/>
</branch>
<status status="NOT RUN" start="2026-06-12T19:33:06.332838" elapsed="0.000000"/>
</if>
<kw name="Perform Generated Login" owner="generated_keywords">
<status status="NOT RUN" start="2026-06-12T19:33:06.332838" elapsed="0.000000"/>
</kw>
<status status="NOT RUN" start="2026-06-12T19:33:06.332838" elapsed="0.000000"/>
</branch>
<status status="PASS" start="2026-06-12T19:33:06.332838" elapsed="0.000000"/>
</if>
<status status="PASS" start="2026-06-12T19:32:55.798833" elapsed="10.534005"/>
</kw>
<test id="s1-t1" name="Verify WashTAB Home Page Loads Successfully" line="9">
<kw name="Prepare Generated Test Context" owner="generated_keywords" type="SETUP">
<kw name="Log" owner="BuiltIn">
<msg time="2026-06-12T19:33:06.333837" level="INFO">Prepare generated test context for execution</msg>
<arg>Prepare generated test context for execution</arg>
<doc>Logs the given message with the given level.</doc>
<status status="PASS" start="2026-06-12T19:33:06.333837" elapsed="0.000000"/>
</kw>
<status status="PASS" start="2026-06-12T19:33:06.333837" elapsed="0.000000"/>
</kw>
<kw name="Open washtab Page">
<msg time="2026-06-12T19:33:06.335836" level="FAIL">No keyword with name 'Open washtab Page' found.</msg>
<status status="FAIL" start="2026-06-12T19:33:06.335836" elapsed="0.000000">No keyword with name 'Open washtab Page' found.</status>
</kw>
<kw name="Log" owner="BuiltIn">
<arg>Navigate within module: home</arg>
<doc>Logs the given message with the given level.</doc>
<status status="NOT RUN" start="2026-06-12T19:33:06.335836" elapsed="0.000000"/>
</kw>
<kw name="Log" owner="BuiltIn">
<arg>Unmapped generated step: Navigate to http://172.21.166.115/washtabui/home</arg>
<doc>Logs the given message with the given level.</doc>
<status status="NOT RUN" start="2026-06-12T19:33:06.335836" elapsed="0.000000"/>
</kw>
<kw name="Log" owner="BuiltIn">
<arg>Unmapped generated step: Observe the page header and dashboard area</arg>
<doc>Logs the given message with the given level.</doc>
<status status="NOT RUN" start="2026-06-12T19:33:06.335836" elapsed="0.000000"/>
</kw>
<kw name="Log" owner="BuiltIn">
<arg>Unmapped generated step: Verify the presence of the home icon, notifications icon, and user chip displaying 'haklarr'</arg>
<doc>Logs the given message with the given level.</doc>
<status status="NOT RUN" start="2026-06-12T19:33:06.335836" elapsed="0.000000"/>
</kw>
<kw name="Log" owner="BuiltIn">
<arg>Unmapped generated step: Verify that multiple dashboard tiles (innerBtn elements) are displayed</arg>
<doc>Logs the given message with the given level.</doc>
<status status="NOT RUN" start="2026-06-12T19:33:06.335836" elapsed="0.000000"/>
</kw>
<kw name="Verify washtab Page Is Visible">
<status status="NOT RUN" start="2026-06-12T19:33:06.335836" elapsed="0.000000"/>
</kw>
<kw name="Verify washtab Page Is Visible">
<status status="NOT RUN" start="2026-06-12T19:33:06.335836" elapsed="0.000000"/>
</kw>
<kw name="Validate Generated Outcome" owner="generated_keywords">
<arg>Header icons such as home, notifications, and arrow back are visible</arg>
<status status="NOT RUN" start="2026-06-12T19:33:06.336837" elapsed="0.000000"/>
</kw>
<kw name="Validate Generated Outcome" owner="generated_keywords">
<arg>User chip displaying 'haklarr' is visible</arg>
<status status="NOT RUN" start="2026-06-12T19:33:06.336837" elapsed="0.000000"/>
</kw>
<kw name="Validate Generated Outcome" owner="generated_keywords">
<arg>Dashboard tiles are displayed and appear clickable</arg>
<status status="NOT RUN" start="2026-06-12T19:33:06.336837" elapsed="0.000000"/>
</kw>
<tag>ai-generated</tag>
<tag>dashboard</tag>
<tag>high</tag>
<tag>home</tag>
<tag>page_load</tag>
<tag>smoke</tag>
<tag>ui</tag>
<status status="FAIL" start="2026-06-12T19:33:06.332838" elapsed="0.003999">No keyword with name 'Open washtab Page' found.</status>
</test>
<test id="s1-t2" name="Verify Logout from User Chip" line="23">
<kw name="Prepare Generated Test Context" owner="generated_keywords" type="SETUP">
<kw name="Log" owner="BuiltIn">
<msg time="2026-06-12T19:33:06.337839" level="INFO">Prepare generated test context for execution</msg>
<arg>Prepare generated test context for execution</arg>
<doc>Logs the given message with the given level.</doc>
<status status="PASS" start="2026-06-12T19:33:06.337839" elapsed="0.000000"/>
</kw>
<status status="PASS" start="2026-06-12T19:33:06.337839" elapsed="0.000000"/>
</kw>
<kw name="Open washtab Page">
<msg time="2026-06-12T19:33:06.339841" level="FAIL">No keyword with name 'Open washtab Page' found.</msg>
<status status="FAIL" start="2026-06-12T19:33:06.339841" elapsed="0.000000">No keyword with name 'Open washtab Page' found.</status>
</kw>
<kw name="Log" owner="BuiltIn">
<arg>Navigate within module: home</arg>
<doc>Logs the given message with the given level.</doc>
<status status="NOT RUN" start="2026-06-12T19:33:06.339841" elapsed="0.000000"/>
</kw>
<kw name="Log" owner="BuiltIn">
<arg>Unmapped generated step: Locate the user chip displaying 'haklarr' in the header</arg>
<doc>Logs the given message with the given level.</doc>
<status status="NOT RUN" start="2026-06-12T19:33:06.339841" elapsed="0.000000"/>
</kw>
<kw name="Log" owner="BuiltIn">
<arg>Unmapped generated step: Click the log-out icon inside the user chip</arg>
<doc>Logs the given message with the given level.</doc>
<status status="NOT RUN" start="2026-06-12T19:33:06.340840" elapsed="0.000000"/>
</kw>
<kw name="Verify washtab Page Is Visible">
<status status="NOT RUN" start="2026-06-12T19:33:06.340840" elapsed="0.000000"/>
</kw>
<kw name="Validate Generated Outcome" owner="generated_keywords">
<arg>Logout action is triggered</arg>
<status status="NOT RUN" start="2026-06-12T19:33:06.340840" elapsed="0.000000"/>
</kw>
<kw name="Validate Generated Outcome" owner="generated_keywords">
<arg>User session is terminated</arg>
<status status="NOT RUN" start="2026-06-12T19:33:06.340840" elapsed="0.000000"/>
</kw>
<kw name="Verify washtab Page Is Visible">
<status status="NOT RUN" start="2026-06-12T19:33:06.340840" elapsed="0.000000"/>
</kw>
<tag>ai-generated</tag>
<tag>authentication</tag>
<tag>header</tag>
<tag>high</tag>
<tag>home</tag>
<tag>logout</tag>
<tag>workflow</tag>
<status status="FAIL" start="2026-06-12T19:33:06.336837" elapsed="0.004003">No keyword with name 'Open washtab Page' found.</status>
</test>
<test id="s1-t3" name="Verify Notifications Button Disabled State" line="34">
<kw name="Prepare Generated Test Context" owner="generated_keywords" type="SETUP">
<kw name="Log" owner="BuiltIn">
<msg time="2026-06-12T19:33:06.341839" level="INFO">Prepare generated test context for execution</msg>
<arg>Prepare generated test context for execution</arg>
<doc>Logs the given message with the given level.</doc>
<status status="PASS" start="2026-06-12T19:33:06.341839" elapsed="0.000000"/>
</kw>
<status status="PASS" start="2026-06-12T19:33:06.340840" elapsed="0.000999"/>
</kw>
<kw name="Open washtab Page">
<msg time="2026-06-12T19:33:06.342841" level="FAIL">No keyword with name 'Open washtab Page' found.</msg>
<status status="FAIL" start="2026-06-12T19:33:06.342841" elapsed="0.000000">No keyword with name 'Open washtab Page' found.</status>
</kw>
<kw name="Log" owner="BuiltIn">
<arg>Navigate within module: home</arg>
<doc>Logs the given message with the given level.</doc>
<status status="NOT RUN" start="2026-06-12T19:33:06.342841" elapsed="0.000000"/>
</kw>
<kw name="Log" owner="BuiltIn">
<arg>Unmapped generated step: Locate the notifications button with id 'notifications-button'</arg>
<doc>Logs the given message with the given level.</doc>
<status status="NOT RUN" start="2026-06-12T19:33:06.342841" elapsed="0.000000"/>
</kw>
<kw name="Log" owner="BuiltIn">
<arg>Unmapped generated step: Observe that the button has aria-disabled set to true</arg>
<doc>Logs the given message with the given level.</doc>
<status status="NOT RUN" start="2026-06-12T19:33:06.342841" elapsed="0.000000"/>
</kw>
<kw name="Log" owner="BuiltIn">
<arg>Unmapped generated step: Attempt to click the notifications button</arg>
<doc>Logs the given message with the given level.</doc>
<status status="NOT RUN" start="2026-06-12T19:33:06.342841" elapsed="0.000000"/>
</kw>
<kw name="Verify washtab Page Is Visible">
<status status="NOT RUN" start="2026-06-12T19:33:06.343840" elapsed="0.000000"/>
</kw>
<kw name="Validate Generated Outcome" owner="generated_keywords">
<arg>Notifications button appears visually disabled</arg>
<status status="NOT RUN" start="2026-06-12T19:33:06.343840" elapsed="0.000000"/>
</kw>
<kw name="Validate Generated Outcome" owner="generated_keywords">
<arg>Clicking the button does not trigger any action or navigation</arg>
<status status="NOT RUN" start="2026-06-12T19:33:06.343840" elapsed="0.000000"/>
</kw>
<tag>ai-generated</tag>
<tag>disabled</tag>
<tag>home</tag>
<tag>medium</tag>
<tag>notifications</tag>
<tag>ui_state_validation</tag>
<tag>ui_validation</tag>
<tag>validation</tag>
<status status="FAIL" start="2026-06-12T19:33:06.340840" elapsed="0.003000">No keyword with name 'Open washtab Page' found.</status>
</test>
<test id="s1-t4" name="Verify Home Icon Presence and Interaction" line="45">
<kw name="Prepare Generated Test Context" owner="generated_keywords" type="SETUP">
<kw name="Log" owner="BuiltIn">
<msg time="2026-06-12T19:33:06.344840" level="INFO">Prepare generated test context for execution</msg>
<arg>Prepare generated test context for execution</arg>
<doc>Logs the given message with the given level.</doc>
<status status="PASS" start="2026-06-12T19:33:06.343840" elapsed="0.001000"/>
</kw>
<status status="PASS" start="2026-06-12T19:33:06.343840" elapsed="0.001000"/>
</kw>
<kw name="Open washtab Page">
<msg time="2026-06-12T19:33:06.345840" level="FAIL">No keyword with name 'Open washtab Page' found.</msg>
<status status="FAIL" start="2026-06-12T19:33:06.345840" elapsed="0.000000">No keyword with name 'Open washtab Page' found.</status>
</kw>
<kw name="Log" owner="BuiltIn">
<arg>Navigate within module: home</arg>
<doc>Logs the given message with the given level.</doc>
<status status="NOT RUN" start="2026-06-12T19:33:06.345840" elapsed="0.000000"/>
</kw>
<kw name="Log" owner="BuiltIn">
<arg>Unmapped generated step: Locate the icon with name 'home' in the header</arg>
<doc>Logs the given message with the given level.</doc>
<status status="NOT RUN" start="2026-06-12T19:33:06.345840" elapsed="0.000000"/>
</kw>
<kw name="Log" owner="BuiltIn">
<arg>Unmapped generated step: Click the home icon</arg>
<doc>Logs the given message with the given level.</doc>
<status status="NOT RUN" start="2026-06-12T19:33:06.345840" elapsed="0.000000"/>
</kw>
<kw name="Verify washtab Page Is Visible">
<status status="NOT RUN" start="2026-06-12T19:33:06.345840" elapsed="0.000000"/>
</kw>
<kw name="Validate Generated Outcome" owner="generated_keywords">
<arg>Home icon is visible in the header</arg>
<status status="NOT RUN" start="2026-06-12T19:33:06.346840" elapsed="0.000000"/>
</kw>
<kw name="Validate Generated Outcome" owner="generated_keywords">
<arg>Clicking the home icon keeps the user on or navigates to the home dashboard</arg>
<status status="NOT RUN" start="2026-06-12T19:33:06.346840" elapsed="0.000000"/>
</kw>
<tag>action</tag>
<tag>ai-generated</tag>
<tag>header</tag>
<tag>home</tag>
<tag>home_icon</tag>
<tag>medium</tag>
<tag>navigation</tag>
<tag>positive</tag>
<status status="FAIL" start="2026-06-12T19:33:06.343840" elapsed="0.003000">No keyword with name 'Open washtab Page' found.</status>
</test>
<test id="s1-t5" name="Verify Arrow Back Icon Behavior" line="55">
<kw name="Prepare Generated Test Context" owner="generated_keywords" type="SETUP">
<kw name="Log" owner="BuiltIn">
<msg time="2026-06-12T19:33:06.347841" level="INFO">Prepare generated test context for execution</msg>
<arg>Prepare generated test context for execution</arg>
<doc>Logs the given message with the given level.</doc>
<status status="PASS" start="2026-06-12T19:33:06.347841" elapsed="0.000000"/>
</kw>
<status status="PASS" start="2026-06-12T19:33:06.346840" elapsed="0.001001"/>
</kw>
<kw name="Open washtab Page">
<msg time="2026-06-12T19:33:06.348841" level="FAIL">No keyword with name 'Open washtab Page' found.</msg>
<status status="FAIL" start="2026-06-12T19:33:06.348841" elapsed="0.000000">No keyword with name 'Open washtab Page' found.</status>
</kw>
<kw name="Log" owner="BuiltIn">
<arg>Navigate within module: home</arg>
<doc>Logs the given message with the given level.</doc>
<status status="NOT RUN" start="2026-06-12T19:33:06.348841" elapsed="0.000000"/>
</kw>
<kw name="Log" owner="BuiltIn">
<arg>Unmapped generated step: Locate the icon with name 'arrow-back'</arg>
<doc>Logs the given message with the given level.</doc>
<status status="NOT RUN" start="2026-06-12T19:33:06.348841" elapsed="0.000000"/>
</kw>
<kw name="Log" owner="BuiltIn">
<arg>Unmapped generated step: Click the arrow back icon</arg>
<doc>Logs the given message with the given level.</doc>
<status status="NOT RUN" start="2026-06-12T19:33:06.348841" elapsed="0.000000"/>
</kw>
<kw name="Verify washtab Page Is Visible">
<status status="NOT RUN" start="2026-06-12T19:33:06.348841" elapsed="0.000000"/>
</kw>
<kw name="Validate Generated Outcome" owner="generated_keywords">
<arg>Arrow back icon is visible in the header</arg>
<status status="NOT RUN" start="2026-06-12T19:33:06.349840" elapsed="0.000000"/>
</kw>
<kw name="Validate Generated Outcome" owner="generated_keywords">
<arg>Clicking the icon navigates to the previous page in the session history</arg>
<status status="NOT RUN" start="2026-06-12T19:33:06.349840" elapsed="0.000000"/>
</kw>
<tag>ai-generated</tag>
<tag>back</tag>
<tag>header</tag>
<tag>home</tag>
<tag>medium</tag>
<tag>navigation</tag>
<tag>navigation_back</tag>
<tag>workflow</tag>
<status status="FAIL" start="2026-06-12T19:33:06.346840" elapsed="0.003000">No keyword with name 'Open washtab Page' found.</status>
</test>
<test id="s1-t6" name="Verify Dashboard Tile Interaction" line="65">
<kw name="Prepare Generated Test Context" owner="generated_keywords" type="SETUP">
<kw name="Log" owner="BuiltIn">
<msg time="2026-06-12T19:33:06.350840" level="INFO">Prepare generated test context for execution</msg>
<arg>Prepare generated test context for execution</arg>
<doc>Logs the given message with the given level.</doc>
<status status="PASS" start="2026-06-12T19:33:06.349840" elapsed="0.001000"/>
</kw>
<status status="PASS" start="2026-06-12T19:33:06.349840" elapsed="0.001000"/>
</kw>
<kw name="Open washtab Page">
<msg time="2026-06-12T19:33:06.351840" level="FAIL">No keyword with name 'Open washtab Page' found.</msg>
<status status="FAIL" start="2026-06-12T19:33:06.351840" elapsed="0.000000">No keyword with name 'Open washtab Page' found.</status>
</kw>
<kw name="Log" owner="BuiltIn">
<arg>Navigate within module: home</arg>
<doc>Logs the given message with the given level.</doc>
<status status="NOT RUN" start="2026-06-12T19:33:06.351840" elapsed="0.000000"/>
</kw>
<kw name="Log" owner="BuiltIn">
<arg>Unmapped generated step: Locate one of the dashboard tiles with class 'innerBtn'</arg>
<doc>Logs the given message with the given level.</doc>
<status status="NOT RUN" start="2026-06-12T19:33:06.351840" elapsed="0.000000"/>
</kw>
<kw name="Log" owner="BuiltIn">
<arg>Unmapped generated step: Click the tile</arg>
<doc>Logs the given message with the given level.</doc>
<status status="NOT RUN" start="2026-06-12T19:33:06.351840" elapsed="0.000000"/>
</kw>
<kw name="Verify washtab Page Is Visible">
<status status="NOT RUN" start="2026-06-12T19:33:06.351840" elapsed="0.000000"/>
</kw>
<kw name="Validate Generated Outcome" owner="generated_keywords">
<arg>Tile responds to user interaction</arg>
<status status="NOT RUN" start="2026-06-12T19:33:06.351840" elapsed="0.000000"/>
</kw>
<kw name="Validate Generated Outcome" owner="generated_keywords">
<arg>Associated action or navigation is triggered for the selected tile</arg>
<status status="NOT RUN" start="2026-06-12T19:33:06.351840" elapsed="0.000000"/>
</kw>
<tag>action</tag>
<tag>ai-generated</tag>
<tag>dashboard</tag>
<tag>dashboard_navigation</tag>
<tag>home</tag>
<tag>medium</tag>
<tag>navigation</tag>
<tag>positive</tag>
<tag>tiles</tag>
<status status="FAIL" start="2026-06-12T19:33:06.349840" elapsed="0.003001">No keyword with name 'Open washtab Page' found.</status>
</test>
<test id="s1-t7" name="Verify Coming Soon Tile is Non-Functional" line="75">
<kw name="Prepare Generated Test Context" owner="generated_keywords" type="SETUP">
<kw name="Log" owner="BuiltIn">
<msg time="2026-06-12T19:33:06.352841" level="INFO">Prepare generated test context for execution</msg>
<arg>Prepare generated test context for execution</arg>
<doc>Logs the given message with the given level.</doc>
<status status="PASS" start="2026-06-12T19:33:06.352841" elapsed="0.000000"/>
</kw>
<status status="PASS" start="2026-06-12T19:33:06.352841" elapsed="0.000000"/>
</kw>
<kw name="Open washtab Page">
<msg time="2026-06-12T19:33:06.354839" level="FAIL">No keyword with name 'Open washtab Page' found.</msg>
<status status="FAIL" start="2026-06-12T19:33:06.354839" elapsed="0.000000">No keyword with name 'Open washtab Page' found.</status>
</kw>
<kw name="Log" owner="BuiltIn">
<arg>Navigate within module: home</arg>
<doc>Logs the given message with the given level.</doc>
<status status="NOT RUN" start="2026-06-12T19:33:06.354839" elapsed="0.000000"/>
</kw>
<kw name="Log" owner="BuiltIn">
<arg>Unmapped generated step: Locate the tile displaying text 'Coming Soon!'</arg>
<doc>Logs the given message with the given level.</doc>
<status status="NOT RUN" start="2026-06-12T19:33:06.354839" elapsed="0.000000"/>
</kw>
<kw name="Log" owner="BuiltIn">
<arg>Unmapped generated step: Attempt to click the 'Coming Soon!' tile</arg>
<doc>Logs the given message with the given level.</doc>
<status status="NOT RUN" start="2026-06-12T19:33:06.354839" elapsed="0.000000"/>
</kw>
<kw name="Verify washtab Page Is Visible">
<status status="NOT RUN" start="2026-06-12T19:33:06.354839" elapsed="0.000000"/>
</kw>
<kw name="Validate Generated Outcome" owner="generated_keywords">
<arg>The 'Coming Soon!' label is visible</arg>
<status status="NOT RUN" start="2026-06-12T19:33:06.354839" elapsed="0.000000"/>
</kw>
<kw name="Validate Generated Outcome" owner="generated_keywords">
<arg>Clicking the tile does not navigate to a new page or trigger an active workflow</arg>
<status status="NOT RUN" start="2026-06-12T19:33:06.354839" elapsed="0.000000"/>
</kw>
<tag>ai-generated</tag>
<tag>coming_soon</tag>
<tag>edge</tag>
<tag>feature_placeholder</tag>
<tag>home</tag>
<tag>low</tag>
<tag>placeholder</tag>
<tag>ui_validation</tag>
<tag>validation</tag>
<status status="FAIL" start="2026-06-12T19:33:06.352841" elapsed="0.001998">No keyword with name 'Open washtab Page' found.</status>
</test>
<kw name="Close Generated Application Session" owner="generated_keywords" type="TEARDOWN">
<kw name="Close All Browsers" owner="SeleniumLibrary">
<doc>Closes all open browsers and resets the browser cache.</doc>
<status status="PASS" start="2026-06-12T19:33:06.355840" elapsed="2.237446"/>
</kw>
<status status="PASS" start="2026-06-12T19:33:06.355840" elapsed="2.238445"/>
</kw>
<doc>AI-generated Robot Framework suite from discovered application knowledge.</doc>
<status status="FAIL" start="2026-06-12T19:32:55.477020" elapsed="13.117265"/>
</suite>
<statistics>
<total>
<stat pass="0" fail="7" skip="0">All Tests</stat>
</total>
<tag>
<stat pass="0" fail="2" skip="0">action</stat>
<stat pass="0" fail="7" skip="0">ai-generated</stat>
<stat pass="0" fail="1" skip="0">authentication</stat>
<stat pass="0" fail="1" skip="0">back</stat>
<stat pass="0" fail="1" skip="0">coming_soon</stat>
<stat pass="0" fail="2" skip="0">dashboard</stat>
<stat pass="0" fail="1" skip="0">dashboard_navigation</stat>
<stat pass="0" fail="1" skip="0">disabled</stat>
<stat pass="0" fail="1" skip="0">edge</stat>
<stat pass="0" fail="1" skip="0">feature_placeholder</stat>
<stat pass="0" fail="3" skip="0">header</stat>
<stat pass="0" fail="2" skip="0">high</stat>
<stat pass="0" fail="7" skip="0">home</stat>
<stat pass="0" fail="1" skip="0">home_icon</stat>
<stat pass="0" fail="1" skip="0">logout</stat>
<stat pass="0" fail="1" skip="0">low</stat>
<stat pass="0" fail="4" skip="0">medium</stat>
<stat pass="0" fail="3" skip="0">navigation</stat>
<stat pass="0" fail="1" skip="0">navigation_back</stat>
<stat pass="0" fail="1" skip="0">notifications</stat>
<stat pass="0" fail="1" skip="0">page_load</stat>
<stat pass="0" fail="1" skip="0">placeholder</stat>
<stat pass="0" fail="2" skip="0">positive</stat>
<stat pass="0" fail="1" skip="0">smoke</stat>
<stat pass="0" fail="1" skip="0">tiles</stat>
<stat pass="0" fail="1" skip="0">ui</stat>
<stat pass="0" fail="1" skip="0">ui_state_validation</stat>
<stat pass="0" fail="2" skip="0">ui_validation</stat>
<stat pass="0" fail="2" skip="0">validation</stat>
<stat pass="0" fail="2" skip="0">workflow</stat>
</tag>
<suite>
<stat name="Generated Workflows" id="s1" pass="0" fail="7" skip="0">Generated Workflows</stat>
</suite>
</statistics>
<errors>
</errors>
</robot>
