<?xml version="1.0" encoding="UTF-8"?>
<robot generator="Robot 7.4.2 (Python 3.11.0 on win32)" generated="2026-06-12T19:01:14.572747" rpa="false" schemaversion="5">
<suite id="s1" name="Generated Workflows" source="D:\Washtab_New\ai-qa-framework\artifacts\generated_robot_tests\generated_workflows.robot">
<kw name="Open Generated Application Session" owner="generated_keywords" type="SETUP">
<kw name="Get Variable Value" owner="BuiltIn">
<msg time="2026-06-12T19:01:14.836059" level="INFO">${browser} = chrome</msg>
<var>${browser}</var>
<arg>${BROWSER}</arg>
<arg>chrome</arg>
<doc>Returns variable value or ``default`` if the variable does not exist.</doc>
<status status="PASS" start="2026-06-12T19:01:14.836059" elapsed="0.000595"/>
</kw>
<kw name="Get Variable Value" owner="BuiltIn">
<msg time="2026-06-12T19:01:14.836654" level="INFO">${start_url} = http://172.21.166.115/washtabui/home</msg>
<var>${start_url}</var>
<arg>${APP_BASE_URL}</arg>
<arg>${EMPTY}</arg>
<doc>Returns variable value or ``default`` if the variable does not exist.</doc>
<status status="PASS" start="2026-06-12T19:01:14.836654" elapsed="0.000000"/>
</kw>
<kw name="Open Browser" owner="SeleniumLibrary">
<msg time="2026-06-12T19:01:14.836654" level="INFO">Opening browser 'chrome' to base url 'http://172.21.166.115/washtabui/home'.</msg>
<arg>${start_url}</arg>
<arg>${browser}</arg>
<doc>Opens a new browser instance to the optional ``url``.</doc>
<status status="PASS" start="2026-06-12T19:01:14.836654" elapsed="6.581231"/>
</kw>
<kw name="Maximize Browser Window" owner="SeleniumLibrary">
<doc>Maximizes current browser window.</doc>
<status status="PASS" start="2026-06-12T19:01:21.418884" elapsed="0.031276"/>
</kw>
<kw name="Is Generated Login Required" owner="generated_keywords">
<kw name="Get Variable Value" owner="BuiltIn">
<msg time="2026-06-12T19:01:21.452158" level="INFO">${username_locator} = xpath=//input[@placeholder='User Name']</msg>
<var>${username_locator}</var>
<arg>${LOGIN_USERNAME_LOCATOR}</arg>
<arg>${EMPTY}</arg>
<doc>Returns variable value or ``default`` if the variable does not exist.</doc>
<status status="PASS" start="2026-06-12T19:01:21.451159" elapsed="0.000999"/>
</kw>
<if>
<branch type="IF" condition="not $username_locator">
<return>
<value>${False}</value>
<status status="NOT RUN" start="2026-06-12T19:01:21.458158" elapsed="0.000000"/>
</return>
<status status="NOT RUN" start="2026-06-12T19:01:21.453177" elapsed="0.004981"/>
</branch>
<status status="PASS" start="2026-06-12T19:01:21.452158" elapsed="0.006000"/>
</if>
<kw name="Run Keyword And Return Status" owner="BuiltIn">
<kw name="Wait Until Element Is Visible" owner="SeleniumLibrary">
<msg time="2026-06-12T19:01:24.795190" level="INFO" html="true">&lt;/td&gt;&lt;/tr&gt;&lt;tr&gt;&lt;td colspan="3"&gt;&lt;a href="selenium-screenshot-1.png"&gt;&lt;img src="selenium-screenshot-1.png" width="800px"&gt;&lt;/a&gt;</msg>
<msg time="2026-06-12T19:01:24.796191" level="FAIL">Element 'xpath=//input[@placeholder='User Name']' not visible after 3 seconds.</msg>
<arg>${username_locator}</arg>
<arg>timeout=3s</arg>
<doc>Waits until the element ``locator`` is visible.</doc>
<status status="FAIL" start="2026-06-12T19:01:21.459159" elapsed="3.341031">Element 'xpath=//input[@placeholder='User Name']' not visible after 3 seconds.</status>
</kw>
<msg time="2026-06-12T19:01:24.800190" level="INFO">${is_visible} = False</msg>
<var>${is_visible}</var>
<arg>Wait Until Element Is Visible</arg>
<arg>${username_locator}</arg>
<arg>timeout=3s</arg>
<doc>Runs the specified keyword and returns the status as a Boolean value.</doc>
<status status="PASS" start="2026-06-12T19:01:21.459159" elapsed="3.341031"/>
</kw>
<return>
<value>${is_visible}</value>
<status status="PASS" start="2026-06-12T19:01:24.800190" elapsed="0.000000"/>
</return>
<msg time="2026-06-12T19:01:24.800190" level="INFO">${login_needed} = False</msg>
<var>${login_needed}</var>
<status status="PASS" start="2026-06-12T19:01:21.450160" elapsed="3.350030"/>
</kw>
<if>
<branch type="IF" condition="$login_needed and $APP_USERNAME and $APP_PASSWORD">
<kw name="Get Variable Value" owner="BuiltIn">
<var>${login_url}</var>
<arg>${APP_LOGIN_URL}</arg>
<arg>${EMPTY}</arg>
<doc>Returns variable value or ``default`` if the variable does not exist.</doc>
<status status="NOT RUN" start="2026-06-12T19:01:24.801191" elapsed="0.000000"/>
</kw>
<if>
<branch type="IF" condition="$login_url">
<kw name="Go To" owner="SeleniumLibrary">
<arg>${login_url}</arg>
<doc>Navigates the current browser window to the provided ``url``.</doc>
<status status="NOT RUN" start="2026-06-12T19:01:24.801191" elapsed="0.000000"/>
</kw>
<status status="NOT RUN" start="2026-06-12T19:01:24.801191" elapsed="0.000000"/>
</branch>
<status status="NOT RUN" start="2026-06-12T19:01:24.801191" elapsed="0.000000"/>
</if>
<kw name="Perform Generated Login" owner="generated_keywords">
<status status="NOT RUN" start="2026-06-12T19:01:24.802191" elapsed="0.000000"/>
</kw>
<status status="NOT RUN" start="2026-06-12T19:01:24.801191" elapsed="0.001000"/>
</branch>
<status status="PASS" start="2026-06-12T19:01:24.801191" elapsed="0.001000"/>
</if>
<status status="PASS" start="2026-06-12T19:01:14.835055" elapsed="9.967136"/>
</kw>
<test id="s1-t1" name="Verify WashTAB home page loads successfully" line="9">
<kw name="Prepare Generated Test Context" owner="generated_keywords" type="SETUP">
<kw name="Log" owner="BuiltIn">
<msg time="2026-06-12T19:01:24.803191" level="INFO">Prepare generated test context for execution</msg>
<arg>Prepare generated test context for execution</arg>
<doc>Logs the given message with the given level.</doc>
<status status="PASS" start="2026-06-12T19:01:24.803191" elapsed="0.000000"/>
</kw>
<status status="PASS" start="2026-06-12T19:01:24.803191" elapsed="0.000000"/>
</kw>
<kw name="Open Generated Workflow Start" owner="generated_keywords">
<kw name="Go To" owner="SeleniumLibrary">
<msg time="2026-06-12T19:01:24.804191" level="INFO">Opening url 'http://172.21.166.115/washtabui/home'</msg>
<arg>${APP_BASE_URL}</arg>
<doc>Navigates the current browser window to the provided ``url``.</doc>
<status status="PASS" start="2026-06-12T19:01:24.804191" elapsed="0.168062"/>
</kw>
<status status="PASS" start="2026-06-12T19:01:24.803191" elapsed="0.169062"/>
</kw>
<kw name="Perform Generated Step" owner="generated_keywords">
<kw name="Log" owner="BuiltIn">
<msg time="2026-06-12T19:01:24.973250" level="INFO">Execute generated step: Navigate within module: home</msg>
<arg>Execute generated step: ${step}</arg>
<doc>Logs the given message with the given level.</doc>
<status status="PASS" start="2026-06-12T19:01:24.973250" elapsed="0.000000"/>
</kw>
<arg>Navigate within module: home</arg>
<status status="PASS" start="2026-06-12T19:01:24.973250" elapsed="0.000000"/>
</kw>
<kw name="Perform Generated Step" owner="generated_keywords">
<kw name="Log" owner="BuiltIn">
<msg time="2026-06-12T19:01:24.974342" level="INFO">Execute generated step: Open the WashTAB home URL in the browser</msg>
<arg>Execute generated step: ${step}</arg>
<doc>Logs the given message with the given level.</doc>
<status status="PASS" start="2026-06-12T19:01:24.974342" elapsed="0.000000"/>
</kw>
<arg>Open the WashTAB home URL in the browser</arg>
<status status="PASS" start="2026-06-12T19:01:24.974342" elapsed="0.000000"/>
</kw>
<kw name="Perform Generated Step" owner="generated_keywords">
<kw name="Log" owner="BuiltIn">
<msg time="2026-06-12T19:01:24.975249" level="INFO">Execute generated step: Observe the header and dashboard area</msg>
<arg>Execute generated step: ${step}</arg>
<doc>Logs the given message with the given level.</doc>
<status status="PASS" start="2026-06-12T19:01:24.975249" elapsed="0.000000"/>
</kw>
<arg>Observe the header and dashboard area</arg>
<status status="PASS" start="2026-06-12T19:01:24.974342" elapsed="0.000907"/>
</kw>
<kw name="Perform Generated Step" owner="generated_keywords">
<kw name="Log" owner="BuiltIn">
<msg time="2026-06-12T19:01:24.976251" level="INFO">Execute generated step: Verify presence of the home icon, notifications button, and user chip displaying 'haklarr'</msg>
<arg>Execute generated step: ${step}</arg>
<doc>Logs the given message with the given level.</doc>
<status status="PASS" start="2026-06-12T19:01:24.975249" elapsed="0.001002"/>
</kw>
<arg>Verify presence of the home icon, notifications button, and user chip displaying 'haklarr'</arg>
<status status="PASS" start="2026-06-12T19:01:24.975249" elapsed="0.001002"/>
</kw>
<kw name="Perform Generated Step" owner="generated_keywords">
<kw name="Log" owner="BuiltIn">
<msg time="2026-06-12T19:01:24.979251" level="INFO">Execute generated step: Verify multiple dashboard tile buttons are displayed</msg>
<arg>Execute generated step: ${step}</arg>
<doc>Logs the given message with the given level.</doc>
<status status="PASS" start="2026-06-12T19:01:24.976251" elapsed="0.003000"/>
</kw>
<arg>Verify multiple dashboard tile buttons are displayed</arg>
<status status="PASS" start="2026-06-12T19:01:24.976251" elapsed="0.003000"/>
</kw>
<kw name="Validate Generated Outcome" owner="generated_keywords">
<kw name="Log" owner="BuiltIn">
<msg time="2026-06-12T19:01:24.980271" level="INFO">Validate generated outcome: WashTAB home page loads without errors</msg>
<arg>Validate generated outcome: ${expected}</arg>
<doc>Logs the given message with the given level.</doc>
<status status="PASS" start="2026-06-12T19:01:24.980271" elapsed="0.000000"/>
</kw>
<arg>WashTAB home page loads without errors</arg>
<status status="PASS" start="2026-06-12T19:01:24.979251" elapsed="0.001020"/>
</kw>
<kw name="Validate Generated Outcome" owner="generated_keywords">
<kw name="Log" owner="BuiltIn">
<msg time="2026-06-12T19:01:24.981252" level="INFO">Validate generated outcome: Home icon is visible in the header</msg>
<arg>Validate generated outcome: ${expected}</arg>
<doc>Logs the given message with the given level.</doc>
<status status="PASS" start="2026-06-12T19:01:24.980271" elapsed="0.000981"/>
</kw>
<arg>Home icon is visible in the header</arg>
<status status="PASS" start="2026-06-12T19:01:24.980271" elapsed="0.000981"/>
</kw>
<kw name="Validate Generated Outcome" owner="generated_keywords">
<kw name="Log" owner="BuiltIn">
<msg time="2026-06-12T19:01:24.981252" level="INFO">Validate generated outcome: User chip displaying 'haklarr' is visible</msg>
<arg>Validate generated outcome: ${expected}</arg>
<doc>Logs the given message with the given level.</doc>
<status status="PASS" start="2026-06-12T19:01:24.981252" elapsed="0.000000"/>
</kw>
<arg>User chip displaying 'haklarr' is visible</arg>
<status status="PASS" start="2026-06-12T19:01:24.981252" elapsed="0.000000"/>
</kw>
<kw name="Validate Generated Outcome" owner="generated_keywords">
<kw name="Log" owner="BuiltIn">
<msg time="2026-06-12T19:01:24.982250" level="INFO">Validate generated outcome: Dashboard tile buttons are displayed on the page</msg>
<arg>Validate generated outcome: ${expected}</arg>
<doc>Logs the given message with the given level.</doc>
<status status="PASS" start="2026-06-12T19:01:24.982250" elapsed="0.000000"/>
</kw>
<arg>Dashboard tile buttons are displayed on the page</arg>
<status status="PASS" start="2026-06-12T19:01:24.981252" elapsed="0.000998"/>
</kw>
<tag>ai-generated</tag>
<tag>dashboard</tag>
<tag>high</tag>
<tag>home</tag>
<tag>page_load</tag>
<tag>smoke</tag>
<status status="PASS" start="2026-06-12T19:01:24.802191" elapsed="0.180059"/>
</test>
<test id="s1-t2" name="Verify user logout from header" line="22">
<kw name="Prepare Generated Test Context" owner="generated_keywords" type="SETUP">
<kw name="Log" owner="BuiltIn">
<msg time="2026-06-12T19:01:24.983250" level="INFO">Prepare generated test context for execution</msg>
<arg>Prepare generated test context for execution</arg>
<doc>Logs the given message with the given level.</doc>
<status status="PASS" start="2026-06-12T19:01:24.983250" elapsed="0.000000"/>
</kw>
<status status="PASS" start="2026-06-12T19:01:24.983250" elapsed="0.000000"/>
</kw>
<kw name="Open Generated Workflow Start" owner="generated_keywords">
<kw name="Go To" owner="SeleniumLibrary">
<msg time="2026-06-12T19:01:24.983250" level="INFO">Opening url 'http://172.21.166.115/washtabui/home'</msg>
<arg>${APP_BASE_URL}</arg>
<doc>Navigates the current browser window to the provided ``url``.</doc>
<status status="PASS" start="2026-06-12T19:01:24.983250" elapsed="0.111550"/>
</kw>
<status status="PASS" start="2026-06-12T19:01:24.983250" elapsed="0.111550"/>
</kw>
<kw name="Perform Generated Step" owner="generated_keywords">
<kw name="Log" owner="BuiltIn">
<msg time="2026-06-12T19:01:25.095819" level="INFO">Execute generated step: Navigate within module: home</msg>
<arg>Execute generated step: ${step}</arg>
<doc>Logs the given message with the given level.</doc>
<status status="PASS" start="2026-06-12T19:01:25.094800" elapsed="0.001019"/>
</kw>
<arg>Navigate within module: home</arg>
<status status="PASS" start="2026-06-12T19:01:25.094800" elapsed="0.001019"/>
</kw>
<kw name="Perform Generated Step" owner="generated_keywords">
<kw name="Log" owner="BuiltIn">
<msg time="2026-06-12T19:01:25.095819" level="INFO">Execute generated step: Locate the user chip labeled 'haklarr'</msg>
<arg>Execute generated step: ${step}</arg>
<doc>Logs the given message with the given level.</doc>
<status status="PASS" start="2026-06-12T19:01:25.095819" elapsed="0.001001"/>
</kw>
<arg>Locate the user chip labeled 'haklarr'</arg>
<status status="PASS" start="2026-06-12T19:01:25.095819" elapsed="0.001001"/>
</kw>
<kw name="Perform Generated Step" owner="generated_keywords">
<kw name="Log" owner="BuiltIn">
<msg time="2026-06-12T19:01:25.096820" level="INFO">Execute generated step: Click the log-out icon inside the user chip</msg>
<arg>Execute generated step: ${step}</arg>
<doc>Logs the given message with the given level.</doc>
<status status="PASS" start="2026-06-12T19:01:25.096820" elapsed="0.000000"/>
</kw>
<arg>Click the log-out icon inside the user chip</arg>
<status status="PASS" start="2026-06-12T19:01:25.096820" elapsed="0.000000"/>
</kw>
<kw name="Validate Generated Outcome" owner="generated_keywords">
<kw name="Log" owner="BuiltIn">
<msg time="2026-06-12T19:01:25.097798" level="INFO">Validate generated outcome: Logout action is triggered</msg>
<arg>Validate generated outcome: ${expected}</arg>
<doc>Logs the given message with the given level.</doc>
<status status="PASS" start="2026-06-12T19:01:25.097798" elapsed="0.000000"/>
</kw>
<arg>Logout action is triggered</arg>
<status status="PASS" start="2026-06-12T19:01:25.096820" elapsed="0.000978"/>
</kw>
<kw name="Validate Generated Outcome" owner="generated_keywords">
<kw name="Log" owner="BuiltIn">
<msg time="2026-06-12T19:01:25.098819" level="INFO">Validate generated outcome: User session ends and user is logged out of the application</msg>
<arg>Validate generated outcome: ${expected}</arg>
<doc>Logs the given message with the given level.</doc>
<status status="PASS" start="2026-06-12T19:01:25.097798" elapsed="0.001021"/>
</kw>
<arg>User session ends and user is logged out of the application</arg>
<status status="PASS" start="2026-06-12T19:01:25.097798" elapsed="0.001021"/>
</kw>
<tag>ai-generated</tag>
<tag>authentication</tag>
<tag>header</tag>
<tag>high</tag>
<tag>home</tag>
<tag>logout</tag>
<tag>workflow</tag>
<status status="PASS" start="2026-06-12T19:01:24.982250" elapsed="0.116569"/>
</test>
<test id="s1-t3" name="Verify notifications button is disabled" line="31">
<kw name="Prepare Generated Test Context" owner="generated_keywords" type="SETUP">
<kw name="Log" owner="BuiltIn">
<msg time="2026-06-12T19:01:25.099796" level="INFO">Prepare generated test context for execution</msg>
<arg>Prepare generated test context for execution</arg>
<doc>Logs the given message with the given level.</doc>
<status status="PASS" start="2026-06-12T19:01:25.099796" elapsed="0.000000"/>
</kw>
<status status="PASS" start="2026-06-12T19:01:25.099796" elapsed="0.001004"/>
</kw>
<kw name="Open Generated Workflow Start" owner="generated_keywords">
<kw name="Go To" owner="SeleniumLibrary">
<msg time="2026-06-12T19:01:25.100800" level="INFO">Opening url 'http://172.21.166.115/washtabui/home'</msg>
<arg>${APP_BASE_URL}</arg>
<doc>Navigates the current browser window to the provided ``url``.</doc>
<status status="PASS" start="2026-06-12T19:01:25.100800" elapsed="0.114943"/>
</kw>
<status status="PASS" start="2026-06-12T19:01:25.100800" elapsed="0.114943"/>
</kw>
<kw name="Perform Generated Step" owner="generated_keywords">
<kw name="Log" owner="BuiltIn">
<msg time="2026-06-12T19:01:25.215743" level="INFO">Execute generated step: Navigate within module: home</msg>
<arg>Execute generated step: ${step}</arg>
<doc>Logs the given message with the given level.</doc>
<status status="PASS" start="2026-06-12T19:01:25.215743" elapsed="0.000000"/>
</kw>
<arg>Navigate within module: home</arg>
<status status="PASS" start="2026-06-12T19:01:25.215743" elapsed="0.000000"/>
</kw>
<kw name="Perform Generated Step" owner="generated_keywords">
<kw name="Log" owner="BuiltIn">
<msg time="2026-06-12T19:01:25.216748" level="INFO">Execute generated step: Locate the notifications button with id 'notifications-button'</msg>
<arg>Execute generated step: ${step}</arg>
<doc>Logs the given message with the given level.</doc>
<status status="PASS" start="2026-06-12T19:01:25.216748" elapsed="0.000000"/>
</kw>
<arg>Locate the notifications button with id 'notifications-button'</arg>
<status status="PASS" start="2026-06-12T19:01:25.216748" elapsed="0.000000"/>
</kw>
<kw name="Perform Generated Step" owner="generated_keywords">
<kw name="Log" owner="BuiltIn">
<msg time="2026-06-12T19:01:25.216748" level="INFO">Execute generated step: Observe its state</msg>
<arg>Execute generated step: ${step}</arg>
<doc>Logs the given message with the given level.</doc>
<status status="PASS" start="2026-06-12T19:01:25.216748" elapsed="0.000000"/>
</kw>
<arg>Observe its state</arg>
<status status="PASS" start="2026-06-12T19:01:25.216748" elapsed="0.000000"/>
</kw>
<kw name="Perform Generated Step" owner="generated_keywords">
<kw name="Log" owner="BuiltIn">
<msg time="2026-06-12T19:01:25.217765" level="INFO">Execute generated step: Attempt to click the notifications button</msg>
<arg>Execute generated step: ${step}</arg>
<doc>Logs the given message with the given level.</doc>
<status status="PASS" start="2026-06-12T19:01:25.217765" elapsed="0.000000"/>
</kw>
<arg>Attempt to click the notifications button</arg>
<status status="PASS" start="2026-06-12T19:01:25.217765" elapsed="0.000000"/>
</kw>
<kw name="Validate Generated Outcome" owner="generated_keywords">
<kw name="Log" owner="BuiltIn">
<msg time="2026-06-12T19:01:25.218749" level="INFO">Validate generated outcome: Notifications button appears disabled</msg>
<arg>Validate generated outcome: ${expected}</arg>
<doc>Logs the given message with the given level.</doc>
<status status="PASS" start="2026-06-12T19:01:25.217765" elapsed="0.000984"/>
</kw>
<arg>Notifications button appears disabled</arg>
<status status="PASS" start="2026-06-12T19:01:25.217765" elapsed="0.000984"/>
</kw>
<kw name="Validate Generated Outcome" owner="generated_keywords">
<kw name="Log" owner="BuiltIn">
<msg time="2026-06-12T19:01:25.218749" level="INFO">Validate generated outcome: Clicking the disabled notifications button does not trigger any action</msg>
<arg>Validate generated outcome: ${expected}</arg>
<doc>Logs the given message with the given level.</doc>
<status status="PASS" start="2026-06-12T19:01:25.218749" elapsed="0.000000"/>
</kw>
<arg>Clicking the disabled notifications button does not trigger any action</arg>
<status status="PASS" start="2026-06-12T19:01:25.218749" elapsed="0.000000"/>
</kw>
<tag>action</tag>
<tag>ai-generated</tag>
<tag>disabled_state</tag>
<tag>home</tag>
<tag>medium</tag>
<tag>negative</tag>
<tag>notification_access</tag>
<tag>notifications</tag>
<tag>ui</tag>
<status status="PASS" start="2026-06-12T19:01:25.098819" elapsed="0.119930"/>
</test>
<test id="s1-t4" name="Verify navigation using back arrow icon" line="41">
<kw name="Prepare Generated Test Context" owner="generated_keywords" type="SETUP">
<kw name="Log" owner="BuiltIn">
<msg time="2026-06-12T19:01:25.220750" level="INFO">Prepare generated test context for execution</msg>
<arg>Prepare generated test context for execution</arg>
<doc>Logs the given message with the given level.</doc>
<status status="PASS" start="2026-06-12T19:01:25.219768" elapsed="0.000982"/>
</kw>
<status status="PASS" start="2026-06-12T19:01:25.219768" elapsed="0.000982"/>
</kw>
<kw name="Open Generated Workflow Start" owner="generated_keywords">
<kw name="Go To" owner="SeleniumLibrary">
<msg time="2026-06-12T19:01:25.220750" level="INFO">Opening url 'http://172.21.166.115/washtabui/home'</msg>
<arg>${APP_BASE_URL}</arg>
<doc>Navigates the current browser window to the provided ``url``.</doc>
<status status="PASS" start="2026-06-12T19:01:25.220750" elapsed="0.106135"/>
</kw>
<status status="PASS" start="2026-06-12T19:01:25.220750" elapsed="0.106135"/>
</kw>
<kw name="Perform Generated Step" owner="generated_keywords">
<kw name="Log" owner="BuiltIn">
<msg time="2026-06-12T19:01:25.326885" level="INFO">Execute generated step: Navigate within module: home</msg>
<arg>Execute generated step: ${step}</arg>
<doc>Logs the given message with the given level.</doc>
<status status="PASS" start="2026-06-12T19:01:25.326885" elapsed="0.000000"/>
</kw>
<arg>Navigate within module: home</arg>
<status status="PASS" start="2026-06-12T19:01:25.326885" elapsed="0.000000"/>
</kw>
<kw name="Perform Generated Step" owner="generated_keywords">
<kw name="Log" owner="BuiltIn">
<msg time="2026-06-12T19:01:25.327883" level="INFO">Execute generated step: Locate the arrow-back icon</msg>
<arg>Execute generated step: ${step}</arg>
<doc>Logs the given message with the given level.</doc>
<status status="PASS" start="2026-06-12T19:01:25.327883" elapsed="0.000000"/>
</kw>
<arg>Locate the arrow-back icon</arg>
<status status="PASS" start="2026-06-12T19:01:25.327883" elapsed="0.000000"/>
</kw>
<kw name="Perform Generated Step" owner="generated_keywords">
<kw name="Log" owner="BuiltIn">
<msg time="2026-06-12T19:01:25.328884" level="INFO">Execute generated step: Click the arrow-back icon</msg>
<arg>Execute generated step: ${step}</arg>
<doc>Logs the given message with the given level.</doc>
<status status="PASS" start="2026-06-12T19:01:25.328884" elapsed="0.000000"/>
</kw>
<arg>Click the arrow-back icon</arg>
<status status="PASS" start="2026-06-12T19:01:25.328884" elapsed="0.000000"/>
</kw>
<kw name="Validate Generated Outcome" owner="generated_keywords">
<kw name="Log" owner="BuiltIn">
<msg time="2026-06-12T19:01:25.328884" level="INFO">Validate generated outcome: Application performs a navigation action to the previous or parent screen</msg>
<arg>Validate generated outcome: ${expected}</arg>
<doc>Logs the given message with the given level.</doc>
<status status="PASS" start="2026-06-12T19:01:25.328884" elapsed="0.000000"/>
</kw>
<arg>Application performs a navigation action to the previous or parent screen</arg>
<status status="PASS" start="2026-06-12T19:01:25.328884" elapsed="0.001000"/>
</kw>
<tag>ai-generated</tag>
<tag>back</tag>
<tag>header</tag>
<tag>home</tag>
<tag>medium</tag>
<tag>navigation</tag>
<tag>workflow</tag>
<status status="PASS" start="2026-06-12T19:01:25.219768" elapsed="0.110116"/>
</test>
<test id="s1-t5" name="Verify dashboard tile buttons respond to user interaction" line="49">
<kw name="Prepare Generated Test Context" owner="generated_keywords" type="SETUP">
<kw name="Log" owner="BuiltIn">
<msg time="2026-06-12T19:01:25.330883" level="INFO">Prepare generated test context for execution</msg>
<arg>Prepare generated test context for execution</arg>
<doc>Logs the given message with the given level.</doc>
<status status="PASS" start="2026-06-12T19:01:25.330883" elapsed="0.000000"/>
</kw>
<status status="PASS" start="2026-06-12T19:01:25.329884" elapsed="0.000999"/>
</kw>
<kw name="Open Generated Workflow Start" owner="generated_keywords">
<kw name="Go To" owner="SeleniumLibrary">
<msg time="2026-06-12T19:01:25.330883" level="INFO">Opening url 'http://172.21.166.115/washtabui/home'</msg>
<arg>${APP_BASE_URL}</arg>
<doc>Navigates the current browser window to the provided ``url``.</doc>
<status status="PASS" start="2026-06-12T19:01:25.330883" elapsed="0.102644"/>
</kw>
<status status="PASS" start="2026-06-12T19:01:25.330883" elapsed="0.102644"/>
</kw>
<kw name="Perform Generated Step" owner="generated_keywords">
<kw name="Log" owner="BuiltIn">
<msg time="2026-06-12T19:01:25.434530" level="INFO">Execute generated step: Navigate within module: home</msg>
<arg>Execute generated step: ${step}</arg>
<doc>Logs the given message with the given level.</doc>
<status status="PASS" start="2026-06-12T19:01:25.433527" elapsed="0.001003"/>
</kw>
<arg>Navigate within module: home</arg>
<status status="PASS" start="2026-06-12T19:01:25.433527" elapsed="0.001003"/>
</kw>
<kw name="Perform Generated Step" owner="generated_keywords">
<kw name="Log" owner="BuiltIn">
<msg time="2026-06-12T19:01:25.435529" level="INFO">Execute generated step: Locate any dashboard tile with class 'innerBtn'</msg>
<arg>Execute generated step: ${step}</arg>
<doc>Logs the given message with the given level.</doc>
<status status="PASS" start="2026-06-12T19:01:25.434530" elapsed="0.000999"/>
</kw>
<arg>Locate any dashboard tile with class 'innerBtn'</arg>
<status status="PASS" start="2026-06-12T19:01:25.434530" elapsed="0.000999"/>
</kw>
<kw name="Perform Generated Step" owner="generated_keywords">
<kw name="Log" owner="BuiltIn">
<msg time="2026-06-12T19:01:25.436531" level="INFO">Execute generated step: Click the tile button</msg>
<arg>Execute generated step: ${step}</arg>
<doc>Logs the given message with the given level.</doc>
<status status="PASS" start="2026-06-12T19:01:25.435529" elapsed="0.001002"/>
</kw>
<arg>Click the tile button</arg>
<status status="PASS" start="2026-06-12T19:01:25.435529" elapsed="0.001002"/>
</kw>
<kw name="Validate Generated Outcome" owner="generated_keywords">
<kw name="Log" owner="BuiltIn">
<msg time="2026-06-12T19:01:25.438540" level="INFO">Validate generated outcome: Tile responds to the click interaction</msg>
<arg>Validate generated outcome: ${expected}</arg>
<doc>Logs the given message with the given level.</doc>
<status status="PASS" start="2026-06-12T19:01:25.437549" elapsed="0.000991"/>
</kw>
<arg>Tile responds to the click interaction</arg>
<status status="PASS" start="2026-06-12T19:01:25.436531" elapsed="0.002009"/>
</kw>
<kw name="Validate Generated Outcome" owner="generated_keywords">
<kw name="Log" owner="BuiltIn">
<msg time="2026-06-12T19:01:25.439544" level="INFO">Validate generated outcome: Application triggers the corresponding module action or navigation</msg>
<arg>Validate generated outcome: ${expected}</arg>
<doc>Logs the given message with the given level.</doc>
<status status="PASS" start="2026-06-12T19:01:25.438540" elapsed="0.001004"/>
</kw>
<arg>Application triggers the corresponding module action or navigation</arg>
<status status="PASS" start="2026-06-12T19:01:25.438540" elapsed="0.001004"/>
</kw>
<tag>action</tag>
<tag>ai-generated</tag>
<tag>dashboard</tag>
<tag>home</tag>
<tag>medium</tag>
<tag>module_access</tag>
<tag>positive</tag>
<tag>tile</tag>
<status status="PASS" start="2026-06-12T19:01:25.329884" elapsed="0.109660"/>
</test>
<test id="s1-t6" name="Verify 'Coming Soon!' tile is not active" line="58">
<kw name="Prepare Generated Test Context" owner="generated_keywords" type="SETUP">
<kw name="Log" owner="BuiltIn">
<msg time="2026-06-12T19:01:25.441526" level="INFO">Prepare generated test context for execution</msg>
<arg>Prepare generated test context for execution</arg>
<doc>Logs the given message with the given level.</doc>
<status status="PASS" start="2026-06-12T19:01:25.441526" elapsed="0.000000"/>
</kw>
<status status="PASS" start="2026-06-12T19:01:25.440531" elapsed="0.000995"/>
</kw>
<kw name="Open Generated Workflow Start" owner="generated_keywords">
<kw name="Go To" owner="SeleniumLibrary">
<msg time="2026-06-12T19:01:25.442528" level="INFO">Opening url 'http://172.21.166.115/washtabui/home'</msg>
<arg>${APP_BASE_URL}</arg>
<doc>Navigates the current browser window to the provided ``url``.</doc>
<status status="PASS" start="2026-06-12T19:01:25.441526" elapsed="0.103514"/>
</kw>
<status status="PASS" start="2026-06-12T19:01:25.441526" elapsed="0.103514"/>
</kw>
<kw name="Perform Generated Step" owner="generated_keywords">
<kw name="Log" owner="BuiltIn">
<msg time="2026-06-12T19:01:25.546041" level="INFO">Execute generated step: Navigate within module: home</msg>
<arg>Execute generated step: ${step}</arg>
<doc>Logs the given message with the given level.</doc>
<status status="PASS" start="2026-06-12T19:01:25.546041" elapsed="0.000000"/>
</kw>
<arg>Navigate within module: home</arg>
<status status="PASS" start="2026-06-12T19:01:25.546041" elapsed="0.000000"/>
</kw>
<kw name="Perform Generated Step" owner="generated_keywords">
<kw name="Log" owner="BuiltIn">
<msg time="2026-06-12T19:01:25.547041" level="INFO">Execute generated step: Locate the tile displaying text 'Coming Soon!'</msg>
<arg>Execute generated step: ${step}</arg>
<doc>Logs the given message with the given level.</doc>
<status status="PASS" start="2026-06-12T19:01:25.547041" elapsed="0.000000"/>
</kw>
<arg>Locate the tile displaying text 'Coming Soon!'</arg>
<status status="PASS" start="2026-06-12T19:01:25.547041" elapsed="0.000000"/>
</kw>
<kw name="Perform Generated Step" owner="generated_keywords">
<kw name="Log" owner="BuiltIn">
<msg time="2026-06-12T19:01:25.548041" level="INFO">Execute generated step: Attempt to click the tile</msg>
<arg>Execute generated step: ${step}</arg>
<doc>Logs the given message with the given level.</doc>
<status status="PASS" start="2026-06-12T19:01:25.547041" elapsed="0.001000"/>
</kw>
<arg>Attempt to click the tile</arg>
<status status="PASS" start="2026-06-12T19:01:25.547041" elapsed="0.001000"/>
</kw>
<kw name="Validate Generated Outcome" owner="generated_keywords">
<kw name="Log" owner="BuiltIn">
<msg time="2026-06-12T19:01:25.548041" level="INFO">Validate generated outcome: Tile displays the text 'Coming Soon!'</msg>
<arg>Validate generated outcome: ${expected}</arg>
<doc>Logs the given message with the given level.</doc>
<status status="PASS" start="2026-06-12T19:01:25.548041" elapsed="0.000000"/>
</kw>
<arg>Tile displays the text 'Coming Soon!'</arg>
<status status="PASS" start="2026-06-12T19:01:25.548041" elapsed="0.000000"/>
</kw>
<kw name="Validate Generated Outcome" owner="generated_keywords">
<kw name="Log" owner="BuiltIn">
<msg time="2026-06-12T19:01:25.549041" level="INFO">Validate generated outcome: Tile does not navigate or trigger any functional workflow</msg>
<arg>Validate generated outcome: ${expected}</arg>
<doc>Logs the given message with the given level.</doc>
<status status="PASS" start="2026-06-12T19:01:25.549041" elapsed="0.000000"/>
</kw>
<arg>Tile does not navigate or trigger any functional workflow</arg>
<status status="PASS" start="2026-06-12T19:01:25.549041" elapsed="0.000000"/>
</kw>
<tag>ai-generated</tag>
<tag>coming_soon</tag>
<tag>dashboard</tag>
<tag>disabled_feature</tag>
<tag>feature_availability</tag>
<tag>home</tag>
<tag>low</tag>
<tag>validation</tag>
<status status="PASS" start="2026-06-12T19:01:25.440531" elapsed="0.109511"/>
</test>
<kw name="Close Generated Application Session" owner="generated_keywords" type="TEARDOWN">
<kw name="Close All Browsers" owner="SeleniumLibrary">
<doc>Closes all open browsers and resets the browser cache.</doc>
<status status="PASS" start="2026-06-12T19:01:25.551044" elapsed="2.265856"/>
</kw>
<status status="PASS" start="2026-06-12T19:01:25.550042" elapsed="2.267870"/>
</kw>
<doc>AI-generated Robot Framework suite from discovered application knowledge.</doc>
<status status="PASS" start="2026-06-12T19:01:14.575747" elapsed="13.242165"/>
</suite>
<statistics>
<total>
<stat pass="6" fail="0" skip="0">All Tests</stat>
</total>
<tag>
<stat pass="2" fail="0" skip="0">action</stat>
<stat pass="6" fail="0" skip="0">ai-generated</stat>
<stat pass="1" fail="0" skip="0">authentication</stat>
<stat pass="1" fail="0" skip="0">back</stat>
<stat pass="1" fail="0" skip="0">coming_soon</stat>
<stat pass="3" fail="0" skip="0">dashboard</stat>
<stat pass="1" fail="0" skip="0">disabled_feature</stat>
<stat pass="1" fail="0" skip="0">disabled_state</stat>
<stat pass="1" fail="0" skip="0">feature_availability</stat>
<stat pass="2" fail="0" skip="0">header</stat>
<stat pass="2" fail="0" skip="0">high</stat>
<stat pass="6" fail="0" skip="0">home</stat>
<stat pass="1" fail="0" skip="0">logout</stat>
<stat pass="1" fail="0" skip="0">low</stat>
<stat pass="3" fail="0" skip="0">medium</stat>
<stat pass="1" fail="0" skip="0">module_access</stat>
<stat pass="1" fail="0" skip="0">navigation</stat>
<stat pass="1" fail="0" skip="0">negative</stat>
<stat pass="1" fail="0" skip="0">notification_access</stat>
<stat pass="1" fail="0" skip="0">notifications</stat>
<stat pass="1" fail="0" skip="0">page_load</stat>
<stat pass="1" fail="0" skip="0">positive</stat>
<stat pass="1" fail="0" skip="0">smoke</stat>
<stat pass="1" fail="0" skip="0">tile</stat>
<stat pass="1" fail="0" skip="0">ui</stat>
<stat pass="1" fail="0" skip="0">validation</stat>
<stat pass="2" fail="0" skip="0">workflow</stat>
</tag>
<suite>
<stat name="Generated Workflows" id="s1" pass="6" fail="0" skip="0">Generated Workflows</stat>
</suite>
</statistics>
<errors>
</errors>
</robot>
